This is pdfTeX, Version 3.14159265-2.6-1.40.18 (MiKTeX 2.9.6500 64-bit) (preloaded format=pdflatex 2018.1.10)  11 JAN 2018 22:01
entering extended mode
**./first.tex
(first.tex
LaTeX2e <2017-04-15>
Babel <3.15> and hyphenation patterns for 75 language(s) loaded.
("C:\Users\NOGARE\AppData\Local\Programs\MiKTeX 2.9\tex\latex\base\article.cls"
Document Class: article 2014/09/29 v1.4h Standard LaTeX document class
("C:\Users\NOGARE\AppData\Local\Programs\MiKTeX 2.9\tex\latex\base\size10.clo"
File: size10.clo 2014/09/29 v1.4h Standard LaTeX file (size option)
)
\c@part=\count79
\c@section=\count80
\c@subsection=\count81
\c@subsubsection=\count82
\c@paragraph=\count83
\c@subparagraph=\count84
\c@figure=\count85
\c@table=\count86
\abovecaptionskip=\skip41
\belowcaptionskip=\skip42
\bibindent=\dimen102
)
("C:\Users\NOGARE\AppData\Local\Programs\MiKTeX 2.9\tex\latex\base\inputenc.sty
"
Package: inputenc 2015/03/17 v1.2c Input encoding file
\inpenc@prehook=\toks14
\inpenc@posthook=\toks15
 ("C:\Users\NOGARE\AppData\Local\Programs\MiKTeX 2.9\tex\latex\base\latin2.def"
File: latin2.def 2015/03/17 v1.2c Input encoding file
))
("C:\Users\NOGARE\AppData\Local\Programs\MiKTeX 2.9\tex\generic\babel\babel.sty
"
Package: babel 2017/11/03 3.15 The Babel package

("C:\Users\NOGARE\AppData\Local\Programs\MiKTeX 2.9\tex\generic\babel\switch.de
f"
File: switch.def 2017/11/03 3.15 Babel switching mechanism
)
*************************************
* Local config file bblopts.cfg used
*
("C:\Users\NOGARE\AppData\Local\Programs\MiKTeX 2.9\tex\latex\arabi\bblopts.cfg
"
File: bblopts.cfg 2005/09/08 v0.1 add Arabic and Farsi to "declared" options of
 babel
)
("C:\Users\NOGARE\AppData\Local\Programs\MiKTeX 2.9\tex\latex\babel-czech\czech
.ldf"
Language: czech 2008/07/06 v3.1a Czech support from the babel system

("C:\Users\NOGARE\AppData\Local\Programs\MiKTeX 2.9\tex\generic\babel\babel.def
"
File: babel.def 2017/11/03 3.15 Babel common definitions

("C:\Users\NOGARE\AppData\Local\Programs\MiKTeX 2.9\tex\generic\babel\switch.de
f"
File: switch.def 2017/11/03 3.15 Babel switching mechanism
)
\babel@savecnt=\count87
\U@D=\dimen103
)
Package babel Info: Making " an active character on input line 172.
\cs@wordlen=\count88
Package babel Info: Making - an active character on input line 226.
)) (first.aux)
\openout1 = `first.aux'.

LaTeX Font Info:    Checking defaults for OML/cmm/m/it on input line 9.
LaTeX Font Info:    ... okay on input line 9.
LaTeX Font Info:    Checking defaults for T1/cmr/m/n on input line 9.
LaTeX Font Info:    ... okay on input line 9.
LaTeX Font Info:    Checking defaults for OT1/cmr/m/n on input line 9.
LaTeX Font Info:    ... okay on input line 9.
LaTeX Font Info:    Checking defaults for OMS/cmsy/m/n on input line 9.
LaTeX Font Info:    ... okay on input line 9.
LaTeX Font Info:    Checking defaults for OMX/cmex/m/n on input line 9.
LaTeX Font Info:    ... okay on input line 9.
LaTeX Font Info:    Checking defaults for U/cmr/m/n on input line 9.
LaTeX Font Info:    ... okay on input line 9.
LaTeX Font Info:    External font `cmex10' loaded for size
(Font)              <7> on input line 10.
LaTeX Font Info:    External font `cmex10' loaded for size
(Font)              <5> on input line 10.

Underfull \hbox (badness 10000) in paragraph at lines 10--17

 []

[1

{C:/Users/NOGARE/AppData/Local/MiKTeX/2.9/pdftex/config/pdftex.map}]
(first.aux) ) 
Here is how much of TeX's memory you used:
 836 strings out of 493312
 11099 string characters out of 3129392
 72285 words of memory out of 3000000
 4445 multiletter control sequences out of 15000+200000
 3640 words of font info for 14 fonts, out of 3000000 for 9000
 1141 hyphenation exceptions out of 8191
 25i,4n,23p,182b,119s stack positions out of 5000i,500n,10000p,200000b,50000s
<C:/Users/NOGARE/AppData/Local/Programs/MiKTeX 2.9/fonts/type1/pub
lic/amsfonts/cm/cmmi10.pfb><C:/Users/NOGARE/AppData/Local/Programs/MiKTeX 2.9/f
onts/type1/public/amsfonts/cm/cmmi7.pfb><C:/Users/NOGARE/AppData/Local/Programs
/MiKTeX 2.9/fonts/type1/public/amsfonts/cm/cmr10.pfb><C:/Users/NOGARE/AppData/L
ocal/Programs/MiKTeX 2.9/fonts/type1/public/amsfonts/cm/cmr7.pfb><C:/Users/NOGA
RE/AppData/Local/Programs/MiKTeX 2.9/fonts/type1/public/amsfonts/cm/cmsy10.pfb>

Output written on first.pdf (1 page, 46504 bytes).
PDF statistics:
 26 PDF objects out of 1000 (max. 8388607)
 0 named destinations out of 1000 (max. 500000)
 1 words of extra memory for PDF output out of 10000 (max. 10000000)

