\BOOKMARK [1][-]{section.1}{\332vodn\355 slovo}{}% 1
\BOOKMARK [2][-]{subsection.1.1}{\332vod do problematiky}{section.1}% 2
\BOOKMARK [2][-]{subsection.1.2}{U\236ivatelsk\341 Pr\355rucka}{section.1}% 3
\BOOKMARK [2][-]{subsection.1.3}{Programovac\355 jazyk}{section.1}% 4
\BOOKMARK [3][-]{subsubsection.1.3.1}{JavascriptJavaScript-wikipedie}{subsection.1.3}% 5
\BOOKMARK [2][-]{subsection.1.4}{BABYLONJS}{section.1}% 6
\BOOKMARK [3][-]{subsubsection.1.4.1}{Implementace}{subsection.1.4}% 7
\BOOKMARK [1][-]{section.2}{Datov\375 n\341vrh}{}% 8
\BOOKMARK [2][-]{subsection.2.1}{Konstruktory}{section.2}% 9
\BOOKMARK [3][-]{subsubsection.2.1.1}{Food}{subsection.2.1}% 10
\BOOKMARK [3][-]{subsubsection.2.1.2}{Part}{subsection.2.1}% 11
\BOOKMARK [3][-]{subsubsection.2.1.3}{Design}{subsection.2.1}% 12
\BOOKMARK [3][-]{subsubsection.2.1.4}{Snake}{subsection.2.1}% 13
\BOOKMARK [3][-]{subsubsection.2.1.5}{SnakePlayer}{subsection.2.1}% 14
\BOOKMARK [3][-]{subsubsection.2.1.6}{SnakeComputer}{subsection.2.1}% 15
\BOOKMARK [1][-]{section.3}{Hern\355 mechanismus}{}% 16
\BOOKMARK [2][-]{subsection.3.1}{U\236ivatel}{section.3}% 17
\BOOKMARK [3][-]{subsubsection.3.1.1}{Rotace a orientace}{subsection.3.1}% 18
\BOOKMARK [2][-]{subsection.3.2}{Poc\355tac}{section.3}% 19
\BOOKMARK [2][-]{subsection.3.3}{Hern\355 nastaven\355}{section.3}% 20
\BOOKMARK [1][-]{section.4}{Co by se dalo vylep\235it}{}% 21
