1 1 403 24 #ERROR 18 #ERROR 54 #ERROR 94 3220000 #ERROR 45 51 693 8 #ERROR #INVVAL 12 68 80 41 -3 64 #ERROR #ERROR 46 81 21 22 5 9 -4 118 236 58 #ERROR 9 67 #ERROR 38 37 #ERROR 60 -1 836 -13 61 63 8 24 52 44 62 91 #ERROR 22 54 80 0 6 5 12 #INVVAL 59
#ERROR #DIV0 #ERROR #ERROR 22 #ERROR #ERROR 10 41 #ERROR 63 #ERROR 39 3950 -118 0 41 #INVVAL 85 87 #ERROR 12 #ERROR #ERROR #ERROR 123 -3 146 25 -5 64 #ERROR 39 8160 5246 36 -3 82 58 43 10 407 #ERROR 87 32 55 -5 20 2 10 #ERROR 53 50 -4 36 79 #ERROR 1880 -4 #ERROR 7 86 #ERROR 0 #ERROR #ERROR #ERROR -1 60 14 47 #ERROR 75 #ERROR #CYCLE 70 0 0 3 #ERROR 74 #ERROR 15 63 #ERROR #ERROR 57 91 1 68 84 #ERROR #ERROR 24 36
2880 41 -41 #ERROR 91 #ERROR 65 29 47 #INVVAL 0 -29 #DIV0 -5 -5 -51 #ERROR 1909 1560 -6
89 4 45 46 1 14 7 40 47 60 91 -19 #INVVAL 79 #ERROR -2 70 0 #ERROR 10 57 37 39 #ERROR -888 94 #ERROR 44 77 #ERROR #INVVAL 80 1 36 29 24 76 0 43 5 61 40 0 93 26 913 88 32 -2 10 #ERROR 80 #ERROR 69
#DIV0 #INVVAL 59 15 66 11 1972 37 56 0 93 93 99 82 91 4674 0 57 #ERROR 56 58 66 90 #ERROR 65 #ERROR 2 84 15 -5 63 4399 5346 425 101 #ERROR 180 0 4 86 -1 1 44 #ERROR 25 88 75 #ERROR 94 40 0 88 #INVVAL #ERROR 29 #ERROR #INVVAL 22 96 86
92 45
#ERROR 21 1 48 #ERROR 69 -52 #ERROR 90 69 #INVVAL #INVVAL 19 78 #ERROR #ERROR 48 49 0 81 #ERROR 48 #ERROR #ERROR 92 4 39 71 24 78 #ERROR 59 #ERROR #ERROR #ERROR 25 61 51 30 10 42 #INVVAL 49 3 #ERROR 87 #ERROR #ERROR 78 37 #ERROR 30 1016 #ERROR 74 0 86 16 #ERROR #ERROR 1 36 57 67 #INVVAL 40 #ERROR 35 53 67 42 #ERROR 414 184 31152 210 3 25 #ERROR 69 -61 13515 3088 52 #ERROR 99 36 #ERROR #ERROR 0 10 83 #ERROR 81
181 18 #ERROR 28 #ERROR 11 75 0 -5 #ERROR 26 #ERROR 6 63 3 81 45 #ERROR 80 53 1 11 53 2 56 5 #ERROR 11 89 0 58 0 0
#ERROR #ERROR 55 60 49 1936 4 89 48 #CYCLE 19 0 10 #ERROR 141 42 88 1160 -40 76 #ERROR -75 91 #ERROR 59 #ERROR 39 59 91 #ERROR 74 5644 25 15 #ERROR 0 46 532 12 58 #ERROR 88 40 #ERROR 81 #INVVAL 89 74 #ERROR 6 3040 #ERROR 91 62 #INVVAL 925 58 1232 82 10 4 -119 43 2880 29 #ERROR 62 1 #ERROR #ERROR 88 66 19 87 0 88 0 7225 66
50 -4 #ERROR #ERROR 1 #ERROR 83 64 58 89 240 50464 68 17 62 #ERROR 26 #ERROR 39 1 54 25 #INVVAL #ERROR 37 68
44 5 #CYCLE 71 5 #ERROR 78 33 #ERROR #INVVAL 67 #ERROR #ERROR -1 38 18 -78 #ERROR #ERROR 84 36 #ERROR 97 0 5
#INVVAL 54 29 2 76 84 #ERROR #ERROR 56 -28 40 #ERROR 116 9 63 #ERROR 36 20 50 #ERROR #ERROR 1 29 #ERROR #ERROR 59 #ERROR 76 28 15 #ERROR 3709 37 #ERROR 87 #ERROR #ERROR 3 33 #ERROR 77 #INVVAL 68448 #ERROR #ERROR 85 #INVVAL 31
65 6 #INVVAL 37 36 99 21 0 -16 13 #ERROR -4 547 34 #ERROR #INVVAL #ERROR 8 62 4 90 92 68 #ERROR 49 #ERROR #ERROR -48 #ERROR 79 2528 66 0 10 18 1 #ERROR 452 20 17 1 #ERROR 24 1 37 27 #ERROR #ERROR #ERROR 29 1 0 -5 #ERROR #INVVAL 79 #ERROR 32 67 94 #ERROR 19
1120 63 76 #ERROR 48 48 -2 27 25 5451 #INVVAL #INVVAL 3 #INVVAL #ERROR 30 #INVVAL #ERROR 22 78 #ERROR 16 12 13 27 #ERROR 186 #ERROR 50 18 5 13 -37 73 69 #ERROR 55 48 87 8 -2802 69 #ERROR #ERROR #ERROR 12 3235 4 6561 1 900 23 #ERROR 19 94 69 72 #ERROR -4 52 68 13 #ERROR #ERROR
91 2700 #ERROR #ERROR 123 0 8 83 64 41 #INVVAL -4 1 -33 90 #INVVAL #ERROR #ERROR 80 43 28 0 73 #ERROR -1 53 #ERROR #INVVAL #ERROR #ERROR #ERROR 41 #ERROR #ERROR 4800 55 0 #ERROR -4 15 86 76 #ERROR 29 #INVVAL 25 -859 76 139 18 26 #INVVAL #ERROR #ERROR 30 78 33 85 76 44 4 19 #ERROR -21 #ERROR 24 70 0 82 684 1 #ERROR 8 1 #ERROR #ERROR #ERROR #ERROR 92 71 27 17 #ERROR 45 33 216 61 #ERROR #ERROR #ERROR #INVVAL #INVVAL
#ERROR -75 7 73 72 46 80 81 #ERROR #ERROR 80 34 #INVVAL 79
23 0 36 34 63 55 2 #ERROR #ERROR #ERROR #DIV0 38 #ERROR #ERROR 0 75 44 21 -3 86 #ERROR 1404 21 133 #ERROR #ERROR 82 68 0 19 -4 61 22 40 5 #ERROR 1595 525 23 17 76 41 #ERROR #ERROR 13 59 17 215 50 53 89 25 1 1696 8 51 82 39 -77 50 #ERROR #ERROR #ERROR #ERROR 23 38325 #ERROR 76 #ERROR #ERROR 6743 #ERROR #ERROR 0 73 39 2 42 3 4 -28 36 108 40 144 89 92 0 #ERROR 1 73 48 5 8 #ERROR 8 84 23 1242
19901 32 #ERROR 78 27 1 79 -15 #ERROR 0 69 3 #ERROR #ERROR 110 56 19 #ERROR #ERROR 84 -4622 76 #ERROR 111 60 #INVVAL #ERROR #ERROR 0 62 2 76 #INVVAL #ERROR 0 #ERROR #ERROR 57 57 41 14 #ERROR 22 #ERROR 57 68 -25 77 55 0 2 19 #ERROR 11 4 30 #ERROR #INVVAL 86 35 18 28 4 #ERROR 3024 175 48 93 #ERROR #ERROR 85
#INVVAL 69 58 81 #ERROR #ERROR 22 80 59 69 50 #ERROR #ERROR #ERROR 21 42 #ERROR 93 #ERROR 42 -26 83 88 #ERROR 49 20 19 1 1881 1196 #INVVAL 0 18 -11 #INVVAL 0 28 49 17 51 16 33 13 4 92 56 1 7 19 1 1 0 #ERROR 21
21 84 46 13 -5 18 137 9 29 9 #ERROR 25 68 48 12006144 88 #ERROR #ERROR #ERROR #ERROR 51 30 21
7 2585 #INVVAL #ERROR 40 #ERROR 22 #ERROR 14 #ERROR 1004 10 12 -4 18 110 4 5893 #ERROR 11 105 88 2 22 #INVVAL 60 7 79 64 65 1686 5016 #ERROR 11 37 #ERROR 23 1613862873 65 1 61 #ERROR #ERROR 0 40 #ERROR 0 85 24 2 86 -39 81 #ERROR #ERROR 3828 14 86 91 -49
35 36 10 #INVVAL #ERROR 1404 42 1020522240 #ERROR 88 #ERROR -5 21 14 #ERROR 13 14 66 2 89 45 #ERROR 56 7 #ERROR #ERROR #INVVAL 63 29
#ERROR 40 #ERROR 81 45 #ERROR 0 #ERROR 60 52 #ERROR 28 0 48 44 #ERROR 32 #ERROR 0 64 -2 24 126 140539 28 #ERROR 79 41 84 #CYCLE #ERROR
29 66 #INVVAL 54 80 22 79 24 14 61 59 47 37 19 31 66 #ERROR 42 61 -5 94 0 #ERROR 33 71 13 8 85
81 #ERROR
45 97888 #ERROR 92 0 #ERROR 1 40 78 75 #ERROR 21 38 -5 21 62 39 39 #INVVAL 79 -2 23 #ERROR
#INVVAL 20 0 #ERROR #ERROR #ERROR 2205 31 #ERROR #INVVAL #ERROR 2485 #ERROR 8 75 75 77 114 24 24 14 84 29 952 13 40 9 91 #ERROR 83 #ERROR -1 6749 29 93 54 22 45 #INVVAL 9 #ERROR #ERROR #ERROR 94 21 40 #INVVAL 5 #ERROR 67 33 21 74 61 30 #INVVAL 62 4148 #ERROR 11 #ERROR 110
-18 67 74 69 78 3 58 #INVVAL #ERROR 16 67 #ERROR #ERROR #ERROR #ERROR 8 45 29 22 77 38 #INVVAL -5 26 #ERROR #ERROR 12 79 93 #ERROR #ERROR 16 56 54 #ERROR 71 220 #INVVAL 13 71 0 #INVVAL #ERROR 69 57 52 41 -2 #ERROR 49 70 -747 62 35 0 72 158760 41 52 59 0 -11 76 31 66 23 76 166 50 92 5
28 140448 1528 3 150 40 58 #ERROR #ERROR 134 -3 #ERROR #ERROR 73 81 #ERROR 109 -97 #ERROR 54 128 #ERROR 19 -1 59 #ERROR #ERROR 0 #ERROR 89 50 #ERROR 55 57 70 68 68 2924 #ERROR 97 92 76 #ERROR #INVVAL 0 #ERROR 27 78 -7 70 0 53 80 44850 3 16 69 59 92 #ERROR #ERROR 16 1 #CYCLE 67 64 28 16 44 88 #ERROR 52 #ERROR 1 #ERROR #ERROR 6 81 36 9 #ERROR 0 0 66 29 81 #ERROR 21 69 54 31 62 #INVVAL 33
#ERROR 90 #ERROR 6 216 55 #ERROR #ERROR 46 35 49 #INVVAL 0 672 45 52 36 47 63 1344 #INVVAL 74 6 33 60 #ERROR #ERROR 70 #ERROR 3160 80 22 #ERROR 72 34 14 20 150 77 76 81 2 2 -2 78 #CYCLE #ERROR 0 -4 0 #ERROR 15 #ERROR #ERROR 37 81 0 784 36 28 20 86 24 20 3 73 31 10 0 52 0 12 #DIV0 77 4293 85 91 35 #ERROR 77 22 117 60 #ERROR -3
28 4743865 69 69 84 #ERROR #ERROR 14 12 1532 3 84 41 72 #ERROR -5 #ERROR -2 #ERROR 89 86 48 13 13 #ERROR #ERROR 608 74 75 19 4092 5130 81 #ERROR 32 55 24 #CYCLE 2208 74 76 14 45 0 68 #INVVAL 2 #ERROR -49 73 9826 3667
#INVVAL 31 79 90 2 #ERROR 22 75 33 -30456 14 33 5046 #ERROR 83 19 #ERROR 79 29 66 119 #ERROR #ERROR 84 #ERROR 109
0 69 14 #ERROR 102 94 39 85 8 74460 67 #INVVAL #ERROR 83 #ERROR #ERROR 75 94 #ERROR #INVVAL #ERROR 15 7 35 13 8 84 #INVVAL 92 10 80 #ERROR 229824 1 93 48 -4 9 85 75 #ERROR 66 0 11 17 114 #ERROR #ERROR 82 0 43 6 85 50 34 50 #ERROR 39 #ERROR 1 82 #ERROR 100 #ERROR 3 #ERROR 29 8 #ERROR 41 89 56 1
45 #INVVAL 28 -5 80 75 -2 925 4400 1 41 38 28 #ERROR #ERROR #ERROR 81 60 97 #ERROR 54 1150 68 23 -65 89 #ERROR 156 0 0 2993 #INVVAL 85 1672 425 59 58 #ERROR 40 90 #ERROR #ERROR 28 66 -23 48 #CYCLE 18 #ERROR 184 24 141 68 #CYCLE #ERROR 6 #ERROR 74 47
76 23 6 #ERROR 28 3 #INVVAL #ERROR #ERROR #ERROR 60 34 182 #ERROR 74 91 #CYCLE -2869 0 -3 84 25 13 #ERROR 61 #ERROR 74 3 80 55 11 8 13 36 #INVVAL 8
49 33 66 77 87 24 4 91 81 3 5 32
43
0 146 #ERROR -3 57 102 52 -56 #ERROR 41 70 19 23 9 672 18 23 87 #ERROR 33 15 73 #ERROR 0 #ERROR #INVVAL 61146 #INVVAL #ERROR 3159 #ERROR 71 #ERROR 94 108 15 87 47 #ERROR #ERROR 11 5 -57 11 62 40 #INVVAL 53 #DIV0 48 #ERROR #ERROR 27 #ERROR 16 25 #ERROR 79 #ERROR #ERROR 61 18 15 #CYCLE 94 8 65 2214 #ERROR #ERROR #ERROR 51 #ERROR 89 46 13 #ERROR 64 #ERROR #ERROR 88 25 -4 52
60 69 88 12 88 35 0 #ERROR 63 71 45 15 #ERROR #ERROR 20 87 56 #ERROR 50 4 93 76 37 #ERROR 92 #ERROR 22 480 16 #ERROR #INVVAL 1 19 #ERROR 91 #ERROR 91 -2 #INVVAL 35 132 17 15 #ERROR 90 #ERROR #ERROR #ERROR 82 #ERROR #ERROR #ERROR 16 50 #INVVAL #ERROR 63 87 #INVVAL -151364 9 83 88 56 #ERROR -37 5 48 231 66 #ERROR 4 53 6 36 #ERROR 2 #ERROR #ERROR 0 8 #ERROR 35
1398 84 34 255 30600 #ERROR 65 #ERROR 18 36 78 #ERROR 1 72 93 #ERROR 58 26 1614 403 #ERROR 62 35 20 43 79 #ERROR 52 84 #ERROR 51 35 62 #ERROR #ERROR -1 4 10 19 #ERROR -1436 49 #ERROR 76 36 -2 75 91 135539 #ERROR -3 41 101 35 #ERROR -12 #ERROR 44 #ERROR 6 #ERROR 55 0 1150 0 -4 55 #INVVAL 32 67 57 54 #ERROR #ERROR 3 41 -50 69 2516 #ERROR #ERROR 37 -5 0 44 142 72 109 16 73 83
70 64 33 36 0 #ERROR #CYCLE 0 55 7 #ERROR 68 51 0 #INVVAL 67 #ERROR 5 2890 55 3 732 63 51 38 5 26 55 147 80 #ERROR #ERROR 55 #ERROR 36 #INVVAL 5 #INVVAL #ERROR 11 #ERROR
#ERROR 50 #ERROR -103 13 #ERROR 1 101 -158 #ERROR #ERROR 4488 #ERROR #ERROR 32 #INVVAL 47341184 1170 35 38 #CYCLE 85 33 42 61 1455 0 0 70 #ERROR -62 23 #ERROR 5 #ERROR 92 40 1872 #ERROR 31 4 216000 20 45 #ERROR 51 52 #ERROR 35 #ERROR 44 62 #ERROR 43 83 26 51 37 #ERROR 12 #ERROR 28 177 54756 12 9870 138 -4 #ERROR 104 61 312 #ERROR #ERROR #ERROR 81 #ERROR 39
18 17 #ERROR 94 73 2268 50 44 71 0 23 70 504 561 #ERROR 51 -44 67 32 145 45 58 50 #ERROR 47 17 -5 -3 31 19 12 2233 87 72 #ERROR 1680 #ERROR #ERROR 61 63 #ERROR 12 53 46 #ERROR #CYCLE
76 112 #ERROR 90 7 0 -4 86 61 12 15 133 13 131 69 15 156 12 57 74 #ERROR #INVVAL 56 70 72 4 17 59 83 #ERROR 23 43 63 2 0 #ERROR 79 #ERROR 44 58 #ERROR #INVVAL 46 2 93 73 0 23 20 103 26 1265082624 200 0 68 4 #ERROR 28 6 92 5 #ERROR 77 164 41 83
#ERROR 159 20 27 50 19 85 118 69120 26 19 0 23 77 6660 #ERROR #INVVAL 13 25 #ERROR 14 84 -4 68 38349 204 50 68
#INVVAL 73 3 49 957 56 53 67 243 3440 #ERROR 87 #ERROR #INVVAL #ERROR 43 -2 #INVVAL 1638 #ERROR 1 65 60
65 6 25 36 -76 69 75 55 259 0 50 69 37 61 239 6452445 2880 91 1266 #INVVAL
10 29 #ERROR 58 85 52 #ERROR 4898 94 68 #ERROR 13 #ERROR -1 0 41 #ERROR 51 51 #ERROR 41 0 #ERROR 44 #INVVAL 41 60 #ERROR #ERROR -85 83 #ERROR 35 -3 0 1160 86 21 53 900 -4 -215916 35 86 #ERROR 81 #ERROR #ERROR 87360 -6 -2 0 49 56 35 83 #DIV0 #ERROR 10 76 68 33 87 16 76 29 83 476 45 #ERROR 73 752
44 #ERROR 108 55 50 -7 #ERROR 55 #ERROR #ERROR 87 49 114 68 15 1092 1170 14 #INVVAL #ERROR 3871 -1 3732 48 48 6 67 17 23 9 70 -38237 65 40 93 11 #INVVAL 1960 #ERROR #ERROR 54 0 49 69 81 88 94 #ERROR 33 #ERROR 29 1 3948 0 84 16 43 188 2491 4 -90 6 #ERROR 1 #ERROR 262480 96 59 0 92 21 #ERROR 62 38 21355 4 4536 36 24 #ERROR 28 #INVVAL 1 #ERROR 55 6 38
44 2 -3 149 43 51 24 66 #ERROR #CYCLE 128 5 #ERROR 77 90 46
34 0 #CYCLE 36 75 79 112 12 #INVVAL #ERROR 5 #ERROR 63 69 53 140 17 18 0 2 66 61 16 41 36 188 #ERROR 23 -2 23 #ERROR 38304 47 #INVVAL 1 50 2 23 -4 211 2 143328 87 136 #ERROR 60 41 18 23
#ERROR 15 -3330 14 -3 #ERROR 2 23 #ERROR #ERROR 4473 3105 -5 76 94 98 #ERROR #ERROR #ERROR 83 -3 #ERROR 0 34 167 75 4654 -91 4 36 36 #ERROR -2 #ERROR 57 10 85 64 1680 44 88 0 0 36 19 10 65 90
54 49 100 5 -27 1 1581 #ERROR 6 93 134 110 31 44 #ERROR 16 15 45 #INVVAL
#INVVAL 2 #ERROR #ERROR #ERROR 54 630 41 1 25 #ERROR 83 #ERROR 136 3 19845 47 28 #INVVAL 57 59 25 21 #ERROR 82 56 43 49 36 70 #ERROR 30 92 38 -70 14 34 #ERROR 45 -74421 #ERROR 0 #INVVAL #ERROR 38 113 92 76 22 50 57 #INVVAL 22 87 #ERROR -63 #ERROR -8 -2 59 92 80 9 60 #ERROR #ERROR 0 54 47 54

22 22 16 65 #ERROR 1 45 -1792 -64 68 63 25 #ERROR #INVVAL #ERROR 28 32 44 6734 -3 #ERROR
69 104 27 36 #ERROR 60 #ERROR 10 90 #ERROR #ERROR 20 51 32 28 #ERROR 69 16 #ERROR #ERROR 22 42 84 48 0 #ERROR 5494 42 11 44 56 20 #ERROR 63 25 31 #ERROR 16 57 245 52 #ERROR #ERROR 49 46 15 57 83 8832 38 #ERROR 0 151445 88 36 1 #INVVAL 39 #ERROR #ERROR 39 28044
#ERROR 53 23 21 #INVVAL 44 #ERROR 18 89 75 80 27 28 #ERROR 94 2 33 49 132 1869 92 49 20 2210 #ERROR -2 57 -5 75 #ERROR 2232 #ERROR 33 4479 114 #ERROR 1449 86 56 23 71 85 13 1479360 -5 28 #ERROR 99 #INVVAL 60 #INVVAL 57 0 #INVVAL #INVVAL 95 #ERROR 54 43 44 151392 #ERROR #ERROR 54 56 88 25 87 52 0 #ERROR 85 2 41 0
-4 8277 11 46 24 0 78 3 #ERROR 84 40 0 87 66 0 #ERROR 64 28 7 #ERROR 50 37 1559007 #ERROR 52 #INVVAL 59 -34 7 6 -1 #ERROR #INVVAL -5 31 15 -5 39 #ERROR 60 300 4543 74 70 0 25 17 47 1
4 #ERROR 40 85 67 68 -3 #ERROR 2128 #ERROR 1 -4 #ERROR -34 188 -104 #ERROR 9 1458 62 88 21 24 15 59 44 #INVVAL 33291556 #ERROR -5 72 40 49 39 #INVVAL #ERROR 38 2 -18 44 1 29 21 59 18 #ERROR #INVVAL #ERROR 81 5 #ERROR 0 56 6 0 216 58 #ERROR 788 #ERROR 114 0 92 18
82 77 92 80 #ERROR #ERROR #ERROR 12 30 29 #ERROR 86 #ERROR 90 47 #ERROR 118484532 -3098 147 #ERROR 45 183 85 25 13 22 92 78 42 46 55 #ERROR 40 10 84 65 #ERROR 0 28 77 40853 10 1 80 0 #ERROR -1 91 1 8 94
93 16 87 561 #ERROR 83 2889 0 4 93 #ERROR 6042 28 45 54 11 24 362520 67 #ERROR #ERROR 21 -3 56
#INVVAL -4 #ERROR -15 #ERROR #ERROR 24 42 3191 90 22 -39 0 22 1300 15 86 85 24 1479412 15 #ERROR 27 #ERROR #ERROR 92 15 11 92 59 #INVVAL 62 2141 25 55 42 0 #ERROR #ERROR 1872 #ERROR 92 #INVVAL 1680 3 78 32 #ERROR 66 46 #DIV0 34 #ERROR 57 #ERROR 85 15 48 25 2775 17 55
22 #INVVAL 55 1 2214 71 #ERROR 58 87 #ERROR 13 17 -31 #ERROR #ERROR 30 -5 53 0 #ERROR 0 39 0 0 62 #ERROR 46 66 14 -103 58 79 43 84 0 #ERROR 51 81 #ERROR 65 17 #ERROR 118 38 24 -5 1 #ERROR 13 34 #ERROR 4503 7 41 8 88 #ERROR 77 63 75 59 94 176 127 62 62
19 5106 449 116 #ERROR #INVVAL 75 #ERROR #ERROR 95 64400 83 85 1 21 -3 4 #INVVAL 7 -29 31 21 #ERROR 3 19 10 60 #ERROR #ERROR #ERROR -3 616 #ERROR 0 84 1 24 #ERROR #ERROR 20 #ERROR 34 #ERROR #ERROR #ERROR 44 92 40 224 78 1998 23 #ERROR -6 29
-9 -75 25 #ERROR
6 #ERROR 1449 3 217971 #ERROR 0 78 2 #ERROR #ERROR #ERROR #ERROR 223216560 67 #ERROR 67 #INVVAL 0 42 35 51 #ERROR 11 31 62 14 50 -12 37 1808 #ERROR 56 41 30 15 -3 96 11 #DIV0 59 31 92 #ERROR 32 1848 80 #ERROR #ERROR -1 #ERROR #DIV0 71 104
79 80 #DIV0 9 66 0 #ERROR 1984 61 71 16 -2 17 27 31 -4 -64 26
#ERROR 3604 #ERROR 14 11844 27 54 #ERROR 14 #ERROR 4 14 81 28 #ERROR #ERROR #ERROR 3 460 91 #INVVAL #ERROR 42 #ERROR #ERROR 65 #ERROR #INVVAL 13 #ERROR #ERROR 77 #INVVAL -1271 990 0 20 62 20 1 33 -5 #ERROR 0 78 -84 4586 -864 3 31 58 3159 173 #ERROR #INVVAL #ERROR 55 16 #ERROR 0 84 #ERROR #ERROR 24 47 49 #ERROR 47 #ERROR 4224 20 84 13 52 17
90 #ERROR 9 2400 53 92400 49 46 54
72 8 23184 19 10 1 #ERROR 13 40 #ERROR 149 89 63 92 92 21 4 -3 12 #ERROR 47 51
#ERROR #ERROR 75 21 #ERROR 26 #INVVAL 1149 #ERROR 115412 71 42 47 32 37 #DIV0 -4 15 17 18 54 12 54 -4 0 #ERROR 76 #ERROR 149
32 67 43 #ERROR 31 62 10 71 82 20 #ERROR 54 43 1696 1488 -1988 72 15 60 47 51 #ERROR #INVVAL 45 78 #ERROR 74 0 77 #INVVAL -5 9 #INVVAL 65 0 52 #ERROR 44 31 #INVVAL #ERROR 7 23 #ERROR 0 #ERROR #ERROR #ERROR 0 43305 126 #ERROR 42 48 69 #ERROR 50 1 #ERROR 74 31 34 81 86 66 60 #ERROR 48
#ERROR 0 14 71 9 17 100 -16 53 74 25 #ERROR -46 50 92 43 67 88 10 68 #INVVAL 38 111 #ERROR 79 16 -4 7 #ERROR 90 72 22 3150 #ERROR #ERROR #ERROR 59 57 236 74 #ERROR 3 39 85 83 #INVVAL #ERROR 172 0 #ERROR 89 #ERROR 0 #ERROR 48 55 90 #DIV0 0 23 #ERROR 84 3 6734 #ERROR 67 81 43 52 33 31 #ERROR 54 570 47 #ERROR 1406 0 80 #ERROR
26 -2 77 83 55 27 74 71 66 #ERROR 45 #ERROR 92 19 -5 39 34 #ERROR 40 20 78 #ERROR 46 59 #ERROR 24 -85 #ERROR #ERROR #ERROR 67 27 #ERROR 71 15 947 #DIV0 44 -2 88 65 73 30 32
-4 -5 -4 #ERROR #ERROR 58 25 #ERROR #DIV0 #ERROR #ERROR 0 2 2432 15 105 34 50 53 #ERROR 47 17 43 54 #ERROR #INVVAL 48 27 34 53 36 69 101 5 11 17 44 70 #INVVAL 53 #ERROR
#ERROR 36 16 89 8 16 #INVVAL #ERROR 1422 #ERROR #ERROR 55
51 57 139 22 -1 94 134757 19 7 77 81 0 54 52 5568 27 #ERROR #ERROR 368 0 4699 #ERROR 1 85 66 85 33 37 91 23 #ERROR 79 #INVVAL 23 12 82 #ERROR 432 1 45 66 #INVVAL 49 20 -2 41 9 19 82 28 #ERROR 104 9 0 4293 8 23 #ERROR 87 52 2 76 38 4560 75 -4
-11 #ERROR #ERROR 38 73 8 20 74 -1617 #INVVAL 38 -5 37 0 31208 11907 #ERROR #ERROR #ERROR 71 12 1 #ERROR 38 #ERROR 41 #INVVAL 0 2 56 153 3332 91 17 111 #ERROR 24 -5 -2 61 #ERROR 67 #ERROR 114 71 #ERROR -18 #ERROR #ERROR #ERROR 89 6 14 24 20 -2 19 #ERROR 180 24 44 #ERROR 31 56 1 990 18 75 6 14 36 76 #ERROR #INVVAL 36 84 4374 51 21 -3 40 99 60
#INVVAL #ERROR #ERROR 52 #ERROR 103 #ERROR 37 -23 33 1 -147 #ERROR 20 #ERROR 53 #ERROR -24 #ERROR 40 76 11 75 1468 89 1359 #ERROR -1 #ERROR 62 20 34 -38 657 #ERROR 1 55 90 26 24 609 81 64 56 #INVVAL 16 -68 84 360 30 11 17 2 7 #INVVAL #ERROR 60 27 #ERROR 73 #ERROR -3 #ERROR 70 79 76 81 73 #ERROR -82 #ERROR 0 0 #ERROR #ERROR 27 #ERROR #INVVAL #ERROR 61 9 #ERROR #ERROR 81 #ERROR 50 55
64 #ERROR 24 23 1 55 #ERROR #ERROR 34 0 71 43 27 -4 94 18 -14 41 #ERROR 43 #ERROR 35 811 9 #ERROR
1 19 3742 #ERROR #ERROR 42 42 17 #INVVAL #INVVAL #ERROR 82 39 76 77 63 0 41 56 #ERROR 21 #ERROR #ERROR #ERROR #ERROR 54 79 76 #ERROR 35 12 7 67 #ERROR 23
59 66 -2 2250 550 #ERROR 1463 54 62 #ERROR #ERROR 0 51 -2
0 #ERROR #ERROR #INVVAL 31 1558947 39 59 1 18 48 87 11 1
25 7 #ERROR 24 #ERROR 320 43 64 #ERROR 79 34 7190128 #ERROR #ERROR #ERROR 40 87 -4615 48 6 85 13 1248 94 52 86 #ERROR 48 #ERROR 72 57 74 86 8 -134 94 90 #ERROR 55 -5 #ERROR 60 33 89 #ERROR 54 #ERROR 94 83 #ERROR 3242 -4 #ERROR -97849 0 #ERROR #ERROR 56 26 57 92 38290 -1184 3294 5492 64 1 19 -2 5 #ERROR #ERROR -3 22048 #ERROR -58 47 23 #ERROR 80 64 0 -62 72 #ERROR 49 #ERROR 52
71 #ERROR 88 1 5 #ERROR 53 61
45 92 85 50 8 45 1 #ERROR 60
#ERROR #INVVAL 53 24 #DIV0 36 #ERROR 88 #ERROR 72 #ERROR 60 9
45 36 #ERROR 56 #ERROR 74 #ERROR
#ERROR 0 11 49 #ERROR #INVVAL #ERROR 33 11 0 47 63 #ERROR 42 82 #ERROR 32 #ERROR
67 18 #ERROR -29 4 1 1241 0 58 -2 #ERROR #INVVAL 0 25 32 4623 26 72 90 92 29 79 30 18389 #ERROR #ERROR 23 88 -23184 68 -3 #ERROR -57 0 60 #ERROR #ERROR 18 #ERROR 55
5 22 70 -20 6 52 10417515 29 95 1122 46 21 83 51 19 141 #ERROR 60 2688 #ERROR 22 -66 0 27 2 47 #ERROR 3 #ERROR -1 0 53 20 -3 0
#ERROR 72 81 -6 9 #ERROR #CYCLE 483360 2 17 18 101 1 -20 -2 58 92 2 54 #ERROR 2 37 17 75 #ERROR 8 66 60 58 6356 #ERROR #INVVAL 87 #ERROR #ERROR 41 42 -33 53 #ERROR 77 30 #ERROR 44 #INVVAL #ERROR 0
28 #INVVAL #INVVAL 40 49275 68 1 7 73 21 0 52 33291648 25 #ERROR #ERROR 896 26 91 -2 #ERROR 36 62 16 54
25 18 #ERROR #INVVAL #ERROR #ERROR 12 4 26 -3031 #ERROR 93 #INVVAL 0 43 65 162 #ERROR 0 #ERROR 64 1 #ERROR 0 -5 46 3888 5 46 90 -1 #ERROR 0 30 79 9 #INVVAL 30 #ERROR 62 45 53 9 #ERROR 31124 #ERROR 32 0 #ERROR 18 67 -27 69 34 16 7 2 235 0 #ERROR #INVVAL 73 13 88 84 61 #ERROR 34 #DIV0 38 #ERROR #ERROR #ERROR 71 42 53 26 #ERROR 61 46 70 #INVVAL 0 24 46 3872 22 58 31 #ERROR -38 #ERROR #ERROR
72 5 71 16 55 111 71 50 9 76 #ERROR 83 #ERROR 57 40 23 19 94 18 19 #INVVAL 33 25 #ERROR 72 #ERROR 32 3 1 12 5952 -18 #INVVAL 4 0
36 -2 #ERROR 13 61 24 1326 #ERROR #DIV0 -1 2987 #ERROR #ERROR 36 82 65 0 1069 40 54 60 0 #INVVAL 71 3 1690 #ERROR 30 50 695 #ERROR 60 30 #ERROR 51 85 1 #ERROR #INVVAL 9
71 88 6 21 #ERROR 6384 #ERROR #ERROR -4 33 87 #ERROR #INVVAL 8 #ERROR 85 55 137 0 0 32 #INVVAL 0 48 109 #ERROR -5 #ERROR 100 #INVVAL 57 32 1485 8 74 33 #ERROR 21 0 64 94 #INVVAL 42 #ERROR #ERROR -1074 48 3 16 #ERROR #ERROR 55 117 #ERROR 79 #ERROR 1700 #DIV0 #ERROR 18 #ERROR 33 29 40 #ERROR -1 1559040 88 37 15 #ERROR 25 4 4148 52 73 #DIV0 33 53 -4 #ERROR -3 81 #ERROR #ERROR 51 34 10 1 #ERROR 6
#ERROR 29 #ERROR #ERROR 28 1 44 #ERROR 42 4 29 92 #ERROR 59 1702 21 #ERROR #ERROR 85 54 158 30 69 -53 #ERROR #ERROR -1 2 14 69 46 -37 82 #ERROR 3111 0 #ERROR #ERROR 29 27 #INVVAL 56 31 90 #ERROR #INVVAL -4 58 #ERROR 24 48 54 -16 #ERROR #ERROR #ERROR 129 0 0 11 56 71 33 5 25 -57 59
0 26 3814 0 #INVVAL 23 56 96 30 82 8 -2 26 70 0 #ERROR 68 #ERROR 19 10 14 17 57 #ERROR -44 #INVVAL 24 12 39 -5 62 #ERROR #ERROR 68 0 5 #INVVAL #ERROR 1400 #ERROR #ERROR #ERROR 28 23 0 25 1 66 159600 60 6384 #ERROR 94 40 21 -2 27 #ERROR 79 #ERROR 40 93 #ERROR 0 #ERROR 47 29 8 62 #ERROR #ERROR 93 10 15