  pg3render.cpp
C:\dev\mff\ZS6\Advanced CG\npgr010_skeleton\src\config.hpp(165,36): warning C4244: '*=': conversion from 'double' to 'int', possible loss of data
C:\Program Files\Microsoft Visual Studio\2022\Community\VC\Tools\MSVC\14.32.31326\include\tuple(158,47): warning C4244: 'initializing': conversion from '_Ty' to '_Ty', possible loss of data
          with
          [
              _Ty=double
          ]
          and
          [
              _Ty=float
          ]
C:\Program Files\Microsoft Visual Studio\2022\Community\VC\Tools\MSVC\14.32.31326\include\tuple(245): message : see reference to function template instantiation 'std::_Tuple_val<_This>::_Tuple_val<_Ty>(_Other &&)' being compiled
          with
          [
              _This=float,
              _Ty=double,
              _Other=double
          ]
C:\Program Files\Microsoft Visual Studio\2022\Community\VC\Tools\MSVC\14.32.31326\include\tuple(245): message : see reference to function template instantiation 'std::_Tuple_val<_This>::_Tuple_val<_Ty>(_Other &&)' being compiled
          with
          [
              _This=float,
              _Ty=double,
              _Other=double
          ]
C:\Program Files\Microsoft Visual Studio\2022\Community\VC\Tools\MSVC\14.32.31326\include\tuple(245): message : see reference to function template instantiation 'std::tuple<float>::tuple<std::_Exact_args_t,_Ty,,0>(_Tag,_This2 &&)' being compiled
          with
          [
              _Ty=double,
              _Tag=std::_Exact_args_t,
              _This2=double
          ]
C:\Program Files\Microsoft Visual Studio\2022\Community\VC\Tools\MSVC\14.32.31326\include\tuple(245): message : see reference to function template instantiation 'std::tuple<float>::tuple<std::_Exact_args_t,_Ty,,0>(_Tag,_This2 &&)' being compiled
          with
          [
              _Ty=double,
              _Tag=std::_Exact_args_t,
              _This2=double
          ]
C:\Program Files\Microsoft Visual Studio\2022\Community\VC\Tools\MSVC\14.32.31326\include\tuple(245): message : see reference to function template instantiation 'std::tuple<Vec3f,float>::tuple<std::_Exact_args_t,_Ty,double,0>(_Tag,_This2 &&,double &&)' being compiled
          with
          [
              _Ty=Vec3x<float>,
              _Tag=std::_Exact_args_t,
              _This2=Vec3x<float>
          ]
C:\Program Files\Microsoft Visual Studio\2022\Community\VC\Tools\MSVC\14.32.31326\include\tuple(245): message : see reference to function template instantiation 'std::tuple<Vec3f,float>::tuple<std::_Exact_args_t,_Ty,double,0>(_Tag,_This2 &&,double &&)' being compiled
          with
          [
              _Ty=Vec3x<float>,
              _Tag=std::_Exact_args_t,
              _This2=Vec3x<float>
          ]
C:\Program Files\Microsoft Visual Studio\2022\Community\VC\Tools\MSVC\14.32.31326\include\tuple(327): message : see reference to function template instantiation 'std::tuple<Vec3f,Vec3f,float>::tuple<std::_Exact_args_t,Vec3f&,_Ty,double,0>(_Tag,_This2,_Ty &&,double &&)' being compiled
          with
          [
              _Ty=Vec3x<float>,
              _Tag=std::_Exact_args_t,
              _This2=Vec3f &
          ]
C:\Program Files\Microsoft Visual Studio\2022\Community\VC\Tools\MSVC\14.32.31326\include\tuple(327): message : see reference to function template instantiation 'std::tuple<Vec3f,Vec3f,float>::tuple<std::_Exact_args_t,Vec3f&,_Ty,double,0>(_Tag,_This2,_Ty &&,double &&)' being compiled
          with
          [
              _Ty=Vec3x<float>,
              _Tag=std::_Exact_args_t,
              _This2=Vec3f &
          ]
C:\dev\mff\ZS6\Advanced CG\npgr010_skeleton\src\lights.hpp(134): message : see reference to function template instantiation 'std::tuple<Vec3f,Vec3f,float>::tuple<Vec3x<float>&,Vec3x<float>,double,0>(_This2,Vec3x<float> &&,double &&) noexcept' being compiled
          with
          [
              _This2=Vec3x<float> &
          ]
C:\dev\mff\ZS6\Advanced CG\npgr010_skeleton\src\lights.hpp(134): message : see reference to function template instantiation 'std::tuple<Vec3f,Vec3f,float>::tuple<Vec3x<float>&,Vec3x<float>,double,0>(_This2,Vec3x<float> &&,double &&) noexcept' being compiled
          with
          [
              _This2=Vec3x<float> &
          ]
  NPGR010.vcxproj -> C:\dev\mff\ZS6\Advanced CG\npgr010_skeleton\build\Release\NPGR010.exe
